MPASM  5.51                          LAB5.ASM   11-3-2022  14:02:19         PAGE  1


LOC  OBJECT CODE     LINE SOURCE TEXT
  VALUE

                      00001 ;*********Zemo daznio impulsinio signalo generatorius ********
                      00002 ;**********************V. Pavarde************************
                      00003 ; Mikrovaldiklis PIC16F84A
                      00004 ; Kvarcinio rezonatoriaus daznis 4 MHz
                      00005 ;********************************************************
                      00006 
                      00007 ;********************************************************
                      00008         LIST p=16F84            ;nustatomas MV tipas
                      00009         #INCLUDE <p16F84a.inc> ;iskviecama rinkmena,
                      00001         LIST
                      00002 
                      00003 ;==========================================================================
                      00004 ;  MPASM PIC16F84A processor include
                      00005 ; 
                      00006 ;  (c) Copyright 1999-2013 Microchip Technology, All rights reserved
                      00007 ;==========================================================================
                      00008 
                      00208         LIST
                      00010                                                 ;aprasanti specifinius MV
                      00011                                                 ;kintamuosius
2007   3FF1           00012         __CONFIG _XT_OSC & _WDT_OFF & _PWRTE_ON & _CP_OFF                       ;suteikiama reikiama
                      00013                                                 ;konfiguracija MV
                      00014 ;******************************************************** 
                      00015 
                      00016 
                      00017 ;******************** Kintamieji **********************
  0000000D            00018 Kint1 EQU 0Dh ;registra 0Dh pavadinti Kint1
  0000000E            00019 Kint2 EQU 0Eh ;registra 0Eh pavadinti Kint2
                      00020 ;********************************************************
                      00021 
                      00022                 ORG 0x000               ;nurodomas pradinis programos adresas 
                      00023 
0000   0185           00024                 clrf PORTA              ;isvalyti PORTA registra
0001   0186           00025                 clrf PORTB              ;isvalyti PORTB registra
                      00026 
0002   1683           00027                 bsf STATUS, 5   ;pereiti i 1 banka
                      00028 
0003   3000           00029                 movlw b'00000000' ;irasyti i W registra
                      00030                                                 ;dvejetaini skaicu,
                      00031                                                 ;pateikta tarp kabucu
Message[302]: Register in operand not in bank 0.  Ensure that bank bits are correct.
0004   0086           00032                 movwf TRISB     ;perkelti W registro turini i
                      00033                                                 ;TRISB registra
0005   1283           00034                 bcf STATUS, 5   ;pereiti i 0 banka
0006   30E0           00035 Start   movlw b'11100000' ;irasyti i W registra
                      00036                                                 ;dvejetaini skaicu,
                      00037                                                 ;pateikta tarp kabucu
0007   0086           00038                 movwf PORTB     ;perkelti W registro turini i
                      00039                                                 ;PORTB registra
                      00040 
0008   2???           00041                 call Velinimas  ;iskviesti paprograma Velinimas
                      00042 
0009   0986           00043                 comf PORTB, 1   ;invertuoti PORTB registro turini
MPASM  5.51                          LAB5.ASM   11-3-2022  14:02:19         PAGE  2


LOC  OBJECT CODE     LINE SOURCE TEXT
  VALUE

                      00044 
000A   2???           00045                 call Velinimas  ;iskviesti paprograma Velinimas
000B   2???           00046                 goto Start              ;pereiti i programos eiluta, pazymeta
                      00047                                                 ;zyme Start
                      00048 
                      00049 ;*************************Paprograme********************
000C                  00050 Velinimas
000C   0B8D           00051 Ciklas  decfsz Kint1, 1 ;atimti vieneta is kintamojo
                      00052                                                 ;Kint1 ir, kai jis bus
                      00053                                                 ;lygus nuliui, persokti
                      00054                                                 ;komanda goto Ciklas
000D   2???           00055                 goto Ciklas     ;pereiti i paprogrames eiluta,
                      00056                                                 ;pazymeta zyme Ciklas
000E   0B8E           00057                 decfsz Kint2, 1 ;atimti vieneta is kintamojo
                      00058                                                 ;Kint2 ir, kai jis bus
                      00059                                                 ;lygus nuliui, persokti
                      00060                                                 ;komanda goto Ciklas
000F   2???           00061                 goto Ciklas     ;pereiti i paprogrames eiluta,
                      00062                                                 ;pazymeta zyme Ciklas
0010   0008           00063                 return                  ;grizti i pagrindina programa
                      00064 ;******************************************************** 
                      00065 
                      00066 
3FF1                  00067         END ;programos pabaiga 
MPASM  5.51                          LAB5.ASM   11-3-2022  14:02:19         PAGE  3


SYMBOL TABLE
  LABEL                             VALUE 

C                                 00000000
Ciklas                            0000000C
DC                                00000001
EEADR                             00000009
EECON1                            00000088
EECON2                            00000089
EEDATA                            00000008
EEIE                              00000006
EEIF                              00000004
F                                 00000001
FSR                               00000004
GIE                               00000007
INDF                              00000000
INTCON                            0000000B
INTE                              00000004
INTEDG                            00000006
INTF                              00000001
IRP                               00000007
Kint1                             0000000D
Kint2                             0000000E
NOT_PD                            00000003
NOT_RBPU                          00000007
NOT_TO                            00000004
OPTION_REG                        00000081
PCL                               00000002
PCLATH                            0000000A
PORTA                             00000005
PORTB                             00000006
PS0                               00000000
PS1                               00000001
PS2                               00000002
PSA                               00000003
RA0                               00000000
RA1                               00000001
RA2                               00000002
RA3                               00000003
RA4                               00000004
RB0                               00000000
RB1                               00000001
RB2                               00000002
RB3                               00000003
RB4                               00000004
RB5                               00000005
RB6                               00000006
RB7                               00000007
RBIE                              00000003
RBIF                              00000000
RD                                00000000
RP0                               00000005
RP1                               00000006
STATUS                            00000003
Start                             00000006
T0CS                              00000005
MPASM  5.51                          LAB5.ASM   11-3-2022  14:02:19         PAGE  4


SYMBOL TABLE
  LABEL                             VALUE 

T0IE                              00000005
T0IF                              00000002
T0SE                              00000004
TMR0                              00000001
TMR0IE                            00000005
TMR0IF                            00000002
TRISA                             00000085
TRISA0                            00000000
TRISA1                            00000001
TRISA2                            00000002
TRISA3                            00000003
TRISA4                            00000004
TRISB                             00000086
TRISB0                            00000000
TRISB1                            00000001
TRISB2                            00000002
TRISB3                            00000003
TRISB4                            00000004
TRISB5                            00000005
TRISB6                            00000006
TRISB7                            00000007
Velinimas                         0000000C
W                                 00000000
WR                                00000001
WREN                              00000002
WRERR                             00000003
Z                                 00000002
_CONFIG                           00002007
_CP_OFF                           00003FFF
_CP_ON                            0000000F
_DEVID1                           00002006
_FOSC_EXTRC                       00003FFF
_FOSC_HS                          00003FFE
_FOSC_LP                          00003FFC
_FOSC_XT                          00003FFD
_HS_OSC                           00003FFE
_IDLOC0                           00002000
_IDLOC1                           00002001
_IDLOC2                           00002002
_IDLOC3                           00002003
_LP_OSC                           00003FFC
_PWRTE_OFF                        00003FFF
_PWRTE_ON                         00003FF7
_RC_OSC                           00003FFF
_WDTE_OFF                         00003FFB
_WDTE_ON                          00003FFF
_WDT_OFF                          00003FFB
_WDT_ON                           00003FFF
_XT_OSC                           00003FFD
__16F84A                          00000001
__DEBUG                           1

MPASM  5.51                          LAB5.ASM   11-3-2022  14:02:19         PAGE  5





Errors   :     0
Warnings :     0 reported,     0 suppressed
Messages :     1 reported,     0 suppressed

